Using pre-set license
Built from '2021.1/release' branch; Version is '2021.1.1f1 (6fdc41dfa55a) revision 7330881'; Using compiler version '192528614'; Build Type 'Release'
OS: 'Windows 10 Pro; OS build 19045.4291; Version 2009; 64bit' Language: 'en' Physical Memory: 32711 MB
BatchMode: 1, IsHumanControllingUs: 0, StartBugReporterOnCrash: 0, Is64bit: 1, IsPro: 0

 COMMAND LINE ARGUMENTS:
C:\Program Files\Unity\Hub\Editor\2021.1.1f1\Editor\Unity.exe
-adb2
-batchMode
-noUpm
-name
AssetImportWorker0
-projectPath
E:/gamedev/unity projects/diwanee-bck-unity
-logFile
Logs/AssetImportWorker0.log
-srvPort
49761
Successfully changed project path to: E:/gamedev/unity projects/diwanee-bck-unity
E:/gamedev/unity projects/diwanee-bck-unity
Using Asset Import Pipeline V2.
Refreshing native plugins compatible for Editor in 37.40 ms, found 0 plugins.
Preloading 0 native plugins for Editor in 0.00 ms.
Initialize engine version: 2021.1.1f1 (6fdc41dfa55a)
[Subsystems] Discovering subsystems at path C:/Program Files/Unity/Hub/Editor/2021.1.1f1/Editor/Data/Resources/UnitySubsystems
[Subsystems] Discovering subsystems at path E:/gamedev/unity projects/diwanee-bck-unity/Assets
GfxDevice: creating device client; threaded=0; jobified=0
Direct3D:
    Version:  Direct3D 11.0 [level 11.1]
    Renderer: AMD Radeon RX 5700 XT (ID=0x731f)
    Vendor:   ATI
    VRAM:     8151 MB
    Driver:   31.0.14033.1012
Initialize mono
Mono path[0] = 'C:/Program Files/Unity/Hub/Editor/2021.1.1f1/Editor/Data/Managed'
Mono path[1] = 'C:/Program Files/Unity/Hub/Editor/2021.1.1f1/Editor/Data/MonoBleedingEdge/lib/mono/unityjit'
Mono config path = 'C:/Program Files/Unity/Hub/Editor/2021.1.1f1/Editor/Data/MonoBleedingEdge/etc'
Using monoOptions --debugger-agent=transport=dt_socket,embedding=1,server=y,suspend=n,address=127.0.0.1:56792
Begin MonoManager ReloadAssembly
Registering precompiled unity dll's ...
Register platform support module: C:/Program Files/Unity/Hub/Editor/2021.1.1f1/Editor/Data/PlaybackEngines/WebGLSupport/UnityEditor.WebGL.Extensions.dll
Register platform support module: C:/Program Files/Unity/Hub/Editor/2021.1.1f1/Editor/Data/PlaybackEngines/WindowsStandaloneSupport/UnityEditor.WindowsStandalone.Extensions.dll
Registered in 0.001882 seconds.
Native extension for WindowsStandalone target not found
Native extension for WebGL target not found
Refreshing native plugins compatible for Editor in 33.83 ms, found 0 plugins.
Preloading 0 native plugins for Editor in 0.00 ms.
Mono: successfully reloaded assembly
- Completed reload, in  1.076 seconds
Platform modules already initialized, skipping
Registering precompiled user dll's ...
Registered in 0.002275 seconds.
Begin MonoManager ReloadAssembly
Native extension for WindowsStandalone target not found
Native extension for WebGL target not found
Refreshing native plugins compatible for Editor in 0.55 ms, found 0 plugins.
Preloading 0 native plugins for Editor in 0.00 ms.
Mono: successfully reloaded assembly
- Completed reload, in  0.804 seconds
Platform modules already initialized, skipping
========================================================================
Worker process is ready to serve import requests
Launched and connected shader compiler UnityShaderCompiler.exe after 0.03 seconds
Refreshing native plugins compatible for Editor in 0.56 ms, found 0 plugins.
Preloading 0 native plugins for Editor in 0.00 ms.
Unloading 1770 Unused Serialized files (Serialized files now loaded: 0)
System memory in use before: 80.4 MB.
System memory in use after: 80.5 MB.

Unloading 48 unused Assets to reduce memory usage. Loaded Objects now: 2244.
Total: 4.916800 ms (FindLiveObjects: 0.224300 ms CreateObjectMapping: 0.054600 ms MarkObjects: 4.551000 ms  DeleteObjects: 0.085800 ms)

========================================================================
Received Import Request.
  path: Assets/Scenes/first.unity
  artifactKey: Guid(504fa6f335be2094289bb671b99646de) Importer(815301076,1909f56bfc062723c751e8b465ee728b)
Start importing Assets/Scenes/first.unity using Guid(504fa6f335be2094289bb671b99646de) Importer(815301076,1909f56bfc062723c751e8b465ee728b)  -> (artifact id: '61b5c3180f77d01dd75d4d6295fc11ac') in 0.015682 seconds 
========================================================================
Received Prepare
Registering precompiled user dll's ...
Registered in 0.002476 seconds.
Begin MonoManager ReloadAssembly
Native extension for WindowsStandalone target not found
Native extension for WebGL target not found
Refreshing native plugins compatible for Editor in 0.54 ms, found 0 plugins.
Preloading 0 native plugins for Editor in 0.00 ms.
Mono: successfully reloaded assembly
- Completed reload, in  0.740 seconds
Platform modules already initialized, skipping
Refreshing native plugins compatible for Editor in 0.56 ms, found 0 plugins.
Preloading 0 native plugins for Editor in 0.00 ms.
Unloading 1745 Unused Serialized files (Serialized files now loaded: 0)
System memory in use before: 78.5 MB.
System memory in use after: 78.6 MB.

Unloading 39 unused Assets to reduce memory usage. Loaded Objects now: 2247.
Total: 4.658400 ms (FindLiveObjects: 0.225200 ms CreateObjectMapping: 0.057500 ms MarkObjects: 4.356600 ms  DeleteObjects: 0.018100 ms)

========================================================================
Received Import Request.
  Time since last request: 247.097898 seconds.
  path: Assets/Materials/Elements/DefaultOrange.mat
  artifactKey: Guid(ecd563cb1357d49769d2d3a57e0e37fe) Importer(815301076,1909f56bfc062723c751e8b465ee728b)
Start importing Assets/Materials/Elements/DefaultOrange.mat using Guid(ecd563cb1357d49769d2d3a57e0e37fe) Importer(815301076,1909f56bfc062723c751e8b465ee728b)  -> (artifact id: '56b7b64f50e2748f11df226387c8a062') in 0.092578 seconds 
========================================================================
Received Import Request.
  Time since last request: 0.000173 seconds.
  path: Assets/Materials/Elements/letterMaterial.mat
  artifactKey: Guid(3dd7d79f2aa0b46a98e0e2cd0cbf49fc) Importer(815301076,1909f56bfc062723c751e8b465ee728b)
Start importing Assets/Materials/Elements/letterMaterial.mat using Guid(3dd7d79f2aa0b46a98e0e2cd0cbf49fc) Importer(815301076,1909f56bfc062723c751e8b465ee728b)  -> (artifact id: '8c9aaf342013b0d4f6818dc3e3b59ef6') in 0.010240 seconds 
========================================================================
Received Import Request.
  Time since last request: 321.652178 seconds.
  path: Assets/Materials/Elements/DefaultGray.mat
  artifactKey: Guid(96dcecd8079e9462683a02e77c00083a) Importer(815301076,1909f56bfc062723c751e8b465ee728b)
Start importing Assets/Materials/Elements/DefaultGray.mat using Guid(96dcecd8079e9462683a02e77c00083a) Importer(815301076,1909f56bfc062723c751e8b465ee728b)  -> (artifact id: 'f409c8863f76e4273ae4753437542fc5') in 0.010404 seconds 
========================================================================
Received Prepare
Registering precompiled user dll's ...
Registered in 0.002288 seconds.
Begin MonoManager ReloadAssembly
Native extension for WindowsStandalone target not found
Native extension for WebGL target not found
Refreshing native plugins compatible for Editor in 0.56 ms, found 0 plugins.
Preloading 0 native plugins for Editor in 0.00 ms.
Mono: successfully reloaded assembly
- Completed reload, in  0.754 seconds
Platform modules already initialized, skipping
Refreshing native plugins compatible for Editor in 0.67 ms, found 0 plugins.
Preloading 0 native plugins for Editor in 0.00 ms.
Unloading 1745 Unused Serialized files (Serialized files now loaded: 0)
System memory in use before: 82.5 MB.
System memory in use after: 82.6 MB.

Unloading 39 unused Assets to reduce memory usage. Loaded Objects now: 2290.
Total: 4.618200 ms (FindLiveObjects: 0.160600 ms CreateObjectMapping: 0.041500 ms MarkObjects: 4.399600 ms  DeleteObjects: 0.015500 ms)

========================================================================
Received Prepare
Registering precompiled user dll's ...
Registered in 0.002229 seconds.
Begin MonoManager ReloadAssembly
Native extension for WindowsStandalone target not found
Native extension for WebGL target not found
Refreshing native plugins compatible for Editor in 0.55 ms, found 0 plugins.
Preloading 0 native plugins for Editor in 0.00 ms.
Mono: successfully reloaded assembly
- Completed reload, in  0.734 seconds
Platform modules already initialized, skipping
Refreshing native plugins compatible for Editor in 0.56 ms, found 0 plugins.
Preloading 0 native plugins for Editor in 0.00 ms.
Unloading 1745 Unused Serialized files (Serialized files now loaded: 0)
System memory in use before: 82.5 MB.
System memory in use after: 82.6 MB.

Unloading 39 unused Assets to reduce memory usage. Loaded Objects now: 2293.
Total: 4.781700 ms (FindLiveObjects: 0.208900 ms CreateObjectMapping: 0.044900 ms MarkObjects: 4.509700 ms  DeleteObjects: 0.017300 ms)

========================================================================
Received Prepare
Registering precompiled user dll's ...
Registered in 0.002265 seconds.
Begin MonoManager ReloadAssembly
Native extension for WindowsStandalone target not found
Native extension for WebGL target not found
Refreshing native plugins compatible for Editor in 0.54 ms, found 0 plugins.
Preloading 0 native plugins for Editor in 0.00 ms.
Mono: successfully reloaded assembly
- Completed reload, in  0.725 seconds
Platform modules already initialized, skipping
Refreshing native plugins compatible for Editor in 0.57 ms, found 0 plugins.
Preloading 0 native plugins for Editor in 0.00 ms.
Unloading 1745 Unused Serialized files (Serialized files now loaded: 0)
System memory in use before: 82.5 MB.
System memory in use after: 82.7 MB.

Unloading 39 unused Assets to reduce memory usage. Loaded Objects now: 2296.
Total: 4.617700 ms (FindLiveObjects: 0.182700 ms CreateObjectMapping: 0.044600 ms MarkObjects: 4.374200 ms  DeleteObjects: 0.014900 ms)

========================================================================
Received Import Request.
  Time since last request: 595.482034 seconds.
  path: Assets/prefabs/PaddleRegular.prefab
  artifactKey: Guid(e5b91aa137c26488a8b46cd47522b351) Importer(815301076,1909f56bfc062723c751e8b465ee728b)
Start importing Assets/prefabs/PaddleRegular.prefab using Guid(e5b91aa137c26488a8b46cd47522b351) Importer(815301076,1909f56bfc062723c751e8b465ee728b)  -> (artifact id: '508d8755c772fb661c64e4d096979127') in 0.030922 seconds 
========================================================================
Received Import Request.
  Time since last request: 25.394175 seconds.
  path: Assets/Materials/background.mat
  artifactKey: Guid(3ca5a20ec5112da4f981089ffa5ca1f2) Importer(815301076,1909f56bfc062723c751e8b465ee728b)
Start importing Assets/Materials/background.mat using Guid(3ca5a20ec5112da4f981089ffa5ca1f2) Importer(815301076,1909f56bfc062723c751e8b465ee728b)  -> (artifact id: 'dde838318826f3dc795b796c5c88fa9b') in 0.049776 seconds 
========================================================================
Received Prepare
Registering precompiled user dll's ...
Registered in 0.002482 seconds.
Begin MonoManager ReloadAssembly
Native extension for WindowsStandalone target not found
Native extension for WebGL target not found
Refreshing native plugins compatible for Editor in 0.57 ms, found 0 plugins.
Preloading 0 native plugins for Editor in 0.00 ms.
Mono: successfully reloaded assembly
- Completed reload, in  0.765 seconds
Platform modules already initialized, skipping
Refreshing native plugins compatible for Editor in 0.55 ms, found 0 plugins.
Preloading 0 native plugins for Editor in 0.00 ms.
Unloading 1745 Unused Serialized files (Serialized files now loaded: 0)
System memory in use before: 82.6 MB.
System memory in use after: 82.7 MB.

Unloading 39 unused Assets to reduce memory usage. Loaded Objects now: 2300.
Total: 4.665900 ms (FindLiveObjects: 0.155900 ms CreateObjectMapping: 0.042900 ms MarkObjects: 4.449200 ms  DeleteObjects: 0.016800 ms)

========================================================================
Received Import Request.
  Time since last request: 13.473880 seconds.
  path: Assets/Materials/New Material 8.mat
  artifactKey: Guid(55d487c95e4ff8b40959d4377db9811d) Importer(815301076,1909f56bfc062723c751e8b465ee728b)
Start importing Assets/Materials/New Material 8.mat using Guid(55d487c95e4ff8b40959d4377db9811d) Importer(815301076,1909f56bfc062723c751e8b465ee728b)  -> (artifact id: '962889ddc6ed8300cf4b13f7be977ef0') in 0.042046 seconds 
========================================================================
Received Prepare
Registering precompiled user dll's ...
Registered in 0.002343 seconds.
Begin MonoManager ReloadAssembly
Native extension for WindowsStandalone target not found
Native extension for WebGL target not found
Refreshing native plugins compatible for Editor in 0.57 ms, found 0 plugins.
Preloading 0 native plugins for Editor in 0.00 ms.
Mono: successfully reloaded assembly
- Completed reload, in  0.728 seconds
Platform modules already initialized, skipping
Refreshing native plugins compatible for Editor in 0.56 ms, found 0 plugins.
Preloading 0 native plugins for Editor in 0.00 ms.
Unloading 1745 Unused Serialized files (Serialized files now loaded: 0)
System memory in use before: 82.6 MB.
System memory in use after: 82.7 MB.

Unloading 39 unused Assets to reduce memory usage. Loaded Objects now: 2304.
Total: 4.573400 ms (FindLiveObjects: 0.161600 ms CreateObjectMapping: 0.043000 ms MarkObjects: 4.350200 ms  DeleteObjects: 0.017900 ms)

========================================================================
Received Import Request.
  Time since last request: 154.724795 seconds.
  path: Assets/Materials/New Material 9.mat
  artifactKey: Guid(70e0f954a4db81644a767cdb08ce7672) Importer(815301076,1909f56bfc062723c751e8b465ee728b)
Start importing Assets/Materials/New Material 9.mat using Guid(70e0f954a4db81644a767cdb08ce7672) Importer(815301076,1909f56bfc062723c751e8b465ee728b)  -> (artifact id: '39b8893988b2bf860c6b685e21c3b17d') in 0.041085 seconds 
========================================================================
Received Import Request.
  Time since last request: 94.401648 seconds.
  path: Assets/prefabs/Gun.prefab
  artifactKey: Guid(1196b9f1b849844059bdb5710e5dc97f) Importer(815301076,1909f56bfc062723c751e8b465ee728b)
Start importing Assets/prefabs/Gun.prefab using Guid(1196b9f1b849844059bdb5710e5dc97f) Importer(815301076,1909f56bfc062723c751e8b465ee728b)  -> (artifact id: 'baf1f4a8c6b51fb5e3bf65202f09caa9') in 0.021673 seconds 
========================================================================
Received Import Request.
  Time since last request: 156.243814 seconds.
  path: Assets/Materials/Elements
  artifactKey: Guid(545d7abee9f2f4624ab11e0613ab202c) Importer(815301076,1909f56bfc062723c751e8b465ee728b)
Start importing Assets/Materials/Elements using Guid(545d7abee9f2f4624ab11e0613ab202c) Importer(815301076,1909f56bfc062723c751e8b465ee728b)  -> (artifact id: '7908245be938c6e1057a109842211d51') in 0.006203 seconds 
========================================================================
Received Prepare
Registering precompiled user dll's ...
Registered in 0.002399 seconds.
Begin MonoManager ReloadAssembly
Native extension for WindowsStandalone target not found
Native extension for WebGL target not found
Refreshing native plugins compatible for Editor in 0.55 ms, found 0 plugins.
Preloading 0 native plugins for Editor in 0.00 ms.
Mono: successfully reloaded assembly
- Completed reload, in  0.723 seconds
Platform modules already initialized, skipping
Refreshing native plugins compatible for Editor in 0.55 ms, found 0 plugins.
Preloading 0 native plugins for Editor in 0.00 ms.
Unloading 1745 Unused Serialized files (Serialized files now loaded: 0)
System memory in use before: 82.6 MB.
System memory in use after: 82.7 MB.

Unloading 39 unused Assets to reduce memory usage. Loaded Objects now: 2309.
Total: 4.505300 ms (FindLiveObjects: 0.158900 ms CreateObjectMapping: 0.038900 ms MarkObjects: 4.291100 ms  DeleteObjects: 0.015500 ms)

========================================================================
Received Import Request.
  Time since last request: 61.653758 seconds.
  path: Assets/prefabs/Bullet.prefab
  artifactKey: Guid(310a890f39d074fea910fed952fa368d) Importer(815301076,1909f56bfc062723c751e8b465ee728b)
Start importing Assets/prefabs/Bullet.prefab using Guid(310a890f39d074fea910fed952fa368d) Importer(815301076,1909f56bfc062723c751e8b465ee728b)  -> (artifact id: '61f8c3eee8f772b8c21b98eafb62bdce') in 0.045565 seconds 
========================================================================
Received Prepare
Registering precompiled user dll's ...
Registered in 0.002521 seconds.
Begin MonoManager ReloadAssembly
Native extension for WindowsStandalone target not found
Native extension for WebGL target not found
Refreshing native plugins compatible for Editor in 0.55 ms, found 0 plugins.
Preloading 0 native plugins for Editor in 0.00 ms.
Mono: successfully reloaded assembly
- Completed reload, in  0.734 seconds
Platform modules already initialized, skipping
Refreshing native plugins compatible for Editor in 0.54 ms, found 0 plugins.
Preloading 0 native plugins for Editor in 0.00 ms.
Unloading 1745 Unused Serialized files (Serialized files now loaded: 0)
System memory in use before: 82.6 MB.
System memory in use after: 82.7 MB.

Unloading 39 unused Assets to reduce memory usage. Loaded Objects now: 2313.
Total: 4.920300 ms (FindLiveObjects: 0.170500 ms CreateObjectMapping: 0.045400 ms MarkObjects: 4.682000 ms  DeleteObjects: 0.021300 ms)

========================================================================
Received Import Request.
  Time since last request: 15.871553 seconds.
  path: Assets/prefabs/Gun 1.prefab
  artifactKey: Guid(df2b1e5f6a23062408715494ba4331b6) Importer(815301076,1909f56bfc062723c751e8b465ee728b)
Start importing Assets/prefabs/Gun 1.prefab using Guid(df2b1e5f6a23062408715494ba4331b6) Importer(815301076,1909f56bfc062723c751e8b465ee728b)  -> (artifact id: '660b84e2693f5f0283ca98588e46f805') in 0.025736 seconds 
========================================================================
Received Prepare
Registering precompiled user dll's ...
Registered in 0.002267 seconds.
Begin MonoManager ReloadAssembly
Native extension for WindowsStandalone target not found
Native extension for WebGL target not found
Refreshing native plugins compatible for Editor in 0.56 ms, found 0 plugins.
Preloading 0 native plugins for Editor in 0.00 ms.
Mono: successfully reloaded assembly
- Completed reload, in  0.736 seconds
Platform modules already initialized, skipping
Refreshing native plugins compatible for Editor in 0.55 ms, found 0 plugins.
Preloading 0 native plugins for Editor in 0.00 ms.
Unloading 1745 Unused Serialized files (Serialized files now loaded: 0)
System memory in use before: 82.6 MB.
System memory in use after: 82.7 MB.

Unloading 39 unused Assets to reduce memory usage. Loaded Objects now: 2316.
Total: 4.777200 ms (FindLiveObjects: 0.146200 ms CreateObjectMapping: 0.040500 ms MarkObjects: 4.571200 ms  DeleteObjects: 0.018000 ms)

========================================================================
Received Prepare
Registering precompiled user dll's ...
Registered in 0.002308 seconds.
Begin MonoManager ReloadAssembly
Native extension for WindowsStandalone target not found
Native extension for WebGL target not found
Refreshing native plugins compatible for Editor in 0.56 ms, found 0 plugins.
Preloading 0 native plugins for Editor in 0.00 ms.
Mono: successfully reloaded assembly
- Completed reload, in  0.736 seconds
Platform modules already initialized, skipping
Refreshing native plugins compatible for Editor in 0.55 ms, found 0 plugins.
Preloading 0 native plugins for Editor in 0.00 ms.
Unloading 1745 Unused Serialized files (Serialized files now loaded: 0)
System memory in use before: 82.6 MB.
System memory in use after: 82.7 MB.

Unloading 39 unused Assets to reduce memory usage. Loaded Objects now: 2319.
Total: 4.799400 ms (FindLiveObjects: 0.210300 ms CreateObjectMapping: 0.040100 ms MarkObjects: 4.523700 ms  DeleteObjects: 0.024100 ms)

========================================================================
Received Import Request.
  Time since last request: 535.157916 seconds.
  path: Assets/Scripts/LetterHolder.controller
  artifactKey: Guid(89ae1f53bfc8c4c42bf947ddeabe3acb) Importer(815301076,1909f56bfc062723c751e8b465ee728b)
Start importing Assets/Scripts/LetterHolder.controller using Guid(89ae1f53bfc8c4c42bf947ddeabe3acb) Importer(815301076,1909f56bfc062723c751e8b465ee728b)  -> (artifact id: 'd5fa6c0d6363989cbca3fbe8c1115280') in 0.036328 seconds 
========================================================================
Received Prepare
Registering precompiled user dll's ...
Registered in 0.002647 seconds.
Begin MonoManager ReloadAssembly
Native extension for WindowsStandalone target not found
Native extension for WebGL target not found
Refreshing native plugins compatible for Editor in 0.56 ms, found 0 plugins.
Preloading 0 native plugins for Editor in 0.00 ms.
Mono: successfully reloaded assembly
- Completed reload, in  0.741 seconds
Platform modules already initialized, skipping
Refreshing native plugins compatible for Editor in 0.55 ms, found 0 plugins.
Preloading 0 native plugins for Editor in 0.00 ms.
Unloading 1745 Unused Serialized files (Serialized files now loaded: 0)
System memory in use before: 82.6 MB.
System memory in use after: 82.8 MB.

Unloading 39 unused Assets to reduce memory usage. Loaded Objects now: 2322.
Total: 4.629100 ms (FindLiveObjects: 0.165800 ms CreateObjectMapping: 0.046500 ms MarkObjects: 4.394600 ms  DeleteObjects: 0.021300 ms)

========================================================================
Received Prepare
Registering precompiled user dll's ...
Registered in 0.002548 seconds.
Begin MonoManager ReloadAssembly
Native extension for WindowsStandalone target not found
Native extension for WebGL target not found
Refreshing native plugins compatible for Editor in 0.58 ms, found 0 plugins.
Preloading 0 native plugins for Editor in 0.00 ms.
Mono: successfully reloaded assembly
- Completed reload, in  0.782 seconds
Platform modules already initialized, skipping
Refreshing native plugins compatible for Editor in 0.59 ms, found 0 plugins.
Preloading 0 native plugins for Editor in 0.00 ms.
Unloading 1745 Unused Serialized files (Serialized files now loaded: 0)
System memory in use before: 82.6 MB.
System memory in use after: 82.8 MB.

Unloading 39 unused Assets to reduce memory usage. Loaded Objects now: 2325.
Total: 4.856800 ms (FindLiveObjects: 0.268800 ms CreateObjectMapping: 0.042200 ms MarkObjects: 4.526900 ms  DeleteObjects: 0.017800 ms)

========================================================================
Received Prepare
Registering precompiled user dll's ...
Registered in 0.002397 seconds.
Begin MonoManager ReloadAssembly
Native extension for WindowsStandalone target not found
Native extension for WebGL target not found
Refreshing native plugins compatible for Editor in 0.55 ms, found 0 plugins.
Preloading 0 native plugins for Editor in 0.00 ms.
Mono: successfully reloaded assembly
- Completed reload, in  0.782 seconds
Platform modules already initialized, skipping
Refreshing native plugins compatible for Editor in 0.60 ms, found 0 plugins.
Preloading 0 native plugins for Editor in 0.00 ms.
Unloading 1745 Unused Serialized files (Serialized files now loaded: 0)
System memory in use before: 82.7 MB.
System memory in use after: 82.8 MB.

Unloading 39 unused Assets to reduce memory usage. Loaded Objects now: 2328.
Total: 4.790600 ms (FindLiveObjects: 0.172400 ms CreateObjectMapping: 0.044100 ms MarkObjects: 4.550300 ms  DeleteObjects: 0.021700 ms)

========================================================================
Received Prepare
Registering precompiled user dll's ...
Registered in 0.002360 seconds.
Begin MonoManager ReloadAssembly
Native extension for WindowsStandalone target not found
Native extension for WebGL target not found
Refreshing native plugins compatible for Editor in 0.54 ms, found 0 plugins.
Preloading 0 native plugins for Editor in 0.00 ms.
Mono: successfully reloaded assembly
- Completed reload, in  0.750 seconds
Platform modules already initialized, skipping
Refreshing native plugins compatible for Editor in 0.57 ms, found 0 plugins.
Preloading 0 native plugins for Editor in 0.00 ms.
Unloading 1745 Unused Serialized files (Serialized files now loaded: 0)
System memory in use before: 82.7 MB.
System memory in use after: 82.8 MB.

Unloading 39 unused Assets to reduce memory usage. Loaded Objects now: 2331.
Total: 4.602100 ms (FindLiveObjects: 0.181100 ms CreateObjectMapping: 0.038500 ms MarkObjects: 4.363000 ms  DeleteObjects: 0.018800 ms)

